<?xml version="1.0" encoding="UTF-8"?>
<testng-results ignored="0" total="1" passed="1" failed="0" skipped="0">
  <reporter-output>
  </reporter-output>
  <suite started-at="2026-03-28T22:24:56 IST" name="Default suite" finished-at="2026-03-28T22:24:57 IST" duration-ms="875">
    <groups>
    </groups>
    <test started-at="2026-03-28T22:24:56 IST" name="Default test" finished-at="2026-03-28T22:24:57 IST" duration-ms="875">
      <class name="com.api.dataDriven.tests.LoginApiDataDrivenTest">
        <test-method signature="LoginTest(com.dataproviders.api.bean.UserBean)[pri:0, instance:com.api.dataDriven.tests.LoginApiDataDrivenTest@223191a6]" started-at="2026-03-28T22:24:56 IST" name="LoginTest" data-provider="LoginApiCSVDataProvider" finished-at="2026-03-28T22:24:57 IST" duration-ms="824" status="PASS">
          <params>
            <param index="0">
              <value>
                <![CDATA[com.dataproviders.api.bean.UserBean@7d9d0818]]>
              </value>
            </param>
          </params>
          <reporter-output>
          </reporter-output>
        </test-method> <!-- LoginTest -->
      </class> <!-- com.api.dataDriven.tests.LoginApiDataDrivenTest -->
    </test> <!-- Default test -->
  </suite> <!-- Default suite -->
</testng-results>
